INFO 2025-04-30 15:02:58,070 autoreload 27240 140662178600448 Watching for file changes with StatReloader
INFO 2025-04-30 15:04:48,115 autoreload 28256 133537793369600 Watching for file changes with StatReloader
INFO 2025-04-30 15:04:59,146 basehttp 28256 133537725413056 "GET / HTTP/1.1" 301 0
INFO 2025-04-30 15:04:59,148 basehttp 28256 133537646769856 code 400, message Bad request syntax ('\x16\x03\x01\x07\x00\x01\x00\x06ü\x03\x03¦Èóö}îi"U\x12²!á\x80dJ)\x958Þy)SÔ&P#ò')
ERROR 2025-04-30 15:04:59,148 basehttp 28256 133537646769856 You're accessing the development server over HTTPS, but it only supports HTTP.
INFO 2025-04-30 15:04:59,148 basehttp 28256 133537646769856 code 400, message Bad request version ('\x02h2\x08http/1.1ÿ\x01\x00\x01\x00\x00')
ERROR 2025-04-30 15:04:59,148 basehttp 28256 133537646769856 You're accessing the development server over HTTPS, but it only supports HTTP.
INFO 2025-04-30 15:05:05,492 basehttp 28256 133537646769856 code 400, message Bad request version ('XòÏ[\x1bJ')
ERROR 2025-04-30 15:05:05,493 basehttp 28256 133537646769856 You're accessing the development server over HTTPS, but it only supports HTTP.
INFO 2025-04-30 15:05:05,493 basehttp 28256 133537638377152 code 400, message Bad request version ('\x03&LLÊ\x91\x02e°"ÌôyðÑ\x9aÛ5\x02>£I\x94\x06~KÚ\x8c>ö4ÿ\\ÈD|')
ERROR 2025-04-30 15:05:05,493 basehttp 28256 133537638377152 You're accessing the development server over HTTPS, but it only supports HTTP.
INFO 2025-04-30 15:05:05,494 basehttp 28256 133537646769856 code 400, message Bad request version ('JJ\x13\x01\x13\x02\x13\x03À+À/À,À0Ì©Ì¨À\x13À\x14\x00\x9c\x00\x9d\x00/\x005\x01\x00\x063ºº\x00\x00\x00#\x00\x00\x00')
ERROR 2025-04-30 15:05:05,494 basehttp 28256 133537646769856 You're accessing the development server over HTTPS, but it only supports HTTP.
INFO 2025-04-30 15:05:05,494 basehttp 28256 133537638377152 code 400, message Bad request version ('dÉ^\xad')
ERROR 2025-04-30 15:05:05,494 basehttp 28256 133537638377152 You're accessing the development server over HTTPS, but it only supports HTTP.
INFO 2025-04-30 15:05:15,640 basehttp 28256 133537638377152 code 400, message Bad request version ('BGxÌÐ\x10\x99xö\x14Wð\x0eÙP\x9d')
ERROR 2025-04-30 15:05:15,640 basehttp 28256 133537638377152 You're accessing the development server over HTTPS, but it only supports HTTP.
INFO 2025-04-30 15:05:15,641 basehttp 28256 133537638377152 code 400, message Bad request version ("\x9f|'ß¦~íê&$")
ERROR 2025-04-30 15:05:15,641 basehttp 28256 133537638377152 You're accessing the development server over HTTPS, but it only supports HTTP.
INFO 2025-04-30 15:05:15,642 basehttp 28256 133537638377152 code 400, message Bad request version ('\x02h2\x08http/1.1\x00-\x00\x02\x01\x01\x00')
ERROR 2025-04-30 15:05:15,642 basehttp 28256 133537638377152 You're accessing the development server over HTTPS, but it only supports HTTP.
INFO 2025-04-30 15:05:15,642 basehttp 28256 133537646769856 code 400, message Bad request version ('\x02h2\x08http/1.1\x003\x04ï\x04í::\x00\x01\x00\x11ì\x04À9Ç\x18\x9a"§\x8bZkkg5É')
ERROR 2025-04-30 15:05:15,642 basehttp 28256 133537646769856 You're accessing the development server over HTTPS, but it only supports HTTP.
INFO 2025-04-30 15:05:15,643 basehttp 28256 133537638377152 code 400, message Bad request version ('ZZ\x13\x01\x13\x02\x13\x03À+À/À,À0Ì©Ì¨À\x13À\x14\x00\x9c\x00\x9d\x00/\x005\x01\x00\x06S\x1a\x1a\x00\x00\x00\x1b\x00\x03\x02\x00\x02\x003\x04ï\x04í')
ERROR 2025-04-30 15:05:15,643 basehttp 28256 133537638377152 You're accessing the development server over HTTPS, but it only supports HTTP.
INFO 2025-04-30 15:05:15,644 basehttp 28256 133537646769856 code 400, message Bad request version ('á;\x88Òf"\x00ðu³I~\x01:j\x8fè$\x81_â(DÉ\x88ÎÜ3/\x81T;')
ERROR 2025-04-30 15:05:15,644 basehttp 28256 133537646769856 You're accessing the development server over HTTPS, but it only supports HTTP.
INFO 2025-04-30 15:05:24,297 basehttp 28256 133537725413056 "GET /swagger/ HTTP/1.1" 301 0
INFO 2025-04-30 15:05:24,298 basehttp 28256 133537725413056 code 400, message Bad request version ("0'uõ\x9bÀ")
ERROR 2025-04-30 15:05:24,298 basehttp 28256 133537725413056 You're accessing the development server over HTTPS, but it only supports HTTP.
INFO 2025-04-30 15:05:24,299 basehttp 28256 133537725413056 code 400, message Bad request version ('ªª\x13\x01\x13\x02\x13\x03À+À/À,À0Ì©Ì¨À\x13À\x14\x00\x9c\x00\x9d\x00/\x005\x01\x00\x06SJJ\x00\x00\x00')
ERROR 2025-04-30 15:05:24,300 basehttp 28256 133537725413056 You're accessing the development server over HTTPS, but it only supports HTTP.
INFO 2025-04-30 15:05:27,946 basehttp 28256 133537725413056 code 400, message Bad HTTP/0.9 request type ('\x16\x03\x01\x06à\x01\x00\x06Ü\x03\x03f\x00zá¡\x89\x9bQR&v\x87\x1aT\x05Þº\x8cúVt×º¼ó\x81r\x83õ¢B\x03')
ERROR 2025-04-30 15:05:27,947 basehttp 28256 133537725413056 You're accessing the development server over HTTPS, but it only supports HTTP.
INFO 2025-04-30 15:05:27,948 basehttp 28256 133537725413056 code 400, message Bad request version ('\x1a\x1a\x13\x01\x13\x02\x13\x03À+À/À,À0Ì©Ì¨À\x13À\x14\x00\x9c\x00\x9d\x00/\x005\x01\x00\x063')
ERROR 2025-04-30 15:05:27,948 basehttp 28256 133537725413056 You're accessing the development server over HTTPS, but it only supports HTTP.
INFO 2025-04-30 15:05:27,949 basehttp 28256 133537725413056 code 400, message Bad request version ('\x00\x02\x01\x00\x00+\x00\x07\x06zz\x03\x04\x03\x03\x00')
ERROR 2025-04-30 15:05:27,949 basehttp 28256 133537725413056 You're accessing the development server over HTTPS, but it only supports HTTP.
INFO 2025-04-30 15:05:27,949 basehttp 28256 133537638377152 code 400, message Bad request version ('jj\x13\x01\x13\x02\x13\x03À+À/À,À0Ì©Ì¨À\x13À\x14\x00\x9c\x00\x9d\x00/\x005\x01\x00\x06\x93')
ERROR 2025-04-30 15:05:27,949 basehttp 28256 133537638377152 You're accessing the development server over HTTPS, but it only supports HTTP.
INFO 2025-04-30 15:05:27,949 basehttp 28256 133537725413056 code 400, message Bad request version ('Æ0]\x1bºI\x08')
ERROR 2025-04-30 15:05:27,950 basehttp 28256 133537725413056 You're accessing the development server over HTTPS, but it only supports HTTP.
INFO 2025-04-30 15:05:27,950 basehttp 28256 133537638377152 code 400, message Bad request version ('\x00\x12\x00\x10\x04\x03\x08\x04\x04\x01\x05\x03\x08\x05\x05\x01\x08\x06\x06\x01DÍ\x00\x05\x00\x03\x02h2\x00#\x00\x00\x00\x12\x00\x00\x00-\x00\x02\x01\x01\x00\x1b\x00\x03\x02\x00\x02\x00\x05\x00\x05\x01\x00\x00\x00\x00\x003\x04ï\x04í')
ERROR 2025-04-30 15:05:27,950 basehttp 28256 133537638377152 You're accessing the development server over HTTPS, but it only supports HTTP.
INFO 2025-04-30 15:05:55,058 basehttp 28256 133537638377152 code 400, message Bad request version ('\x83.e6©ÖW\x14\x9a\x03\x14à<.\x10åj\x92Xu1\'9R·-\x15Ô·£F´\xad\\£ï¦8\xad\x87WÈ\x08)\x87\x98"\x14Æ³^Ó*+t±\\´8@ác¹Õ{¿8ÀÌÑ&P¢\x8fö\x08Ä\x8cÉ«\x9f´\x87ýg\x9f\x8cy')
ERROR 2025-04-30 15:05:55,058 basehttp 28256 133537638377152 You're accessing the development server over HTTPS, but it only supports HTTP.
INFO 2025-04-30 15:05:55,059 basehttp 28256 133537638377152 code 400, message Bad request version ('ý\x81¶')
ERROR 2025-04-30 15:05:55,059 basehttp 28256 133537638377152 You're accessing the development server over HTTPS, but it only supports HTTP.
INFO 2025-04-30 15:06:01,469 basehttp 28256 133537638377152 code 400, message Bad request version ('T\x10\x9aú\x8f5w\x878^ü¿\x7f')
ERROR 2025-04-30 15:06:01,469 basehttp 28256 133537638377152 You're accessing the development server over HTTPS, but it only supports HTTP.
INFO 2025-04-30 15:06:01,470 basehttp 28256 133537638377152 code 400, message Bad request version ('\x19`©"ð]{\x16*')
ERROR 2025-04-30 15:06:01,470 basehttp 28256 133537638377152 You're accessing the development server over HTTPS, but it only supports HTTP.
INFO 2025-04-30 15:06:16,045 basehttp 28256 133537638377152 code 400, message Bad request version ('\x9cU')
ERROR 2025-04-30 15:06:16,045 basehttp 28256 133537638377152 You're accessing the development server over HTTPS, but it only supports HTTP.
INFO 2025-04-30 15:06:16,046 basehttp 28256 133537638377152 code 400, message Bad request version ('jj\x13\x01\x13\x02\x13\x03À+À/À,À0Ì©Ì¨À\x13À\x14\x00\x9c\x00\x9d\x00/\x005\x01\x00\x06s**\x00\x00\x00')
ERROR 2025-04-30 15:06:16,046 basehttp 28256 133537638377152 You're accessing the development server over HTTPS, but it only supports HTTP.
INFO 2025-04-30 15:07:09,975 autoreload 28256 133537793369600 /home/an/ICNLAB /backend /phong_kham_da_khoa/phong_kham_da_khoa/settings.py changed, reloading.
INFO 2025-04-30 15:07:10,257 autoreload 29491 139654765622784 Watching for file changes with StatReloader
INFO 2025-04-30 15:07:29,171 basehttp 29491 139654611330752 code 400, message Bad request version ('::\x13\x01\x13\x02\x13\x03À+À/À,À0Ì©Ì¨À\x13À\x14\x00\x9c\x00\x9d\x00/\x005\x01\x00\x06s\x1a\x1a\x00\x00\x003\x04ï\x04í')
ERROR 2025-04-30 15:07:29,171 basehttp 29491 139654611330752 You're accessing the development server over HTTPS, but it only supports HTTP.
INFO 2025-04-30 15:07:29,172 basehttp 29491 139654611330752 code 400, message Bad request syntax ('\x16\x03\x01\x06à\x01\x00\x06Ü\x03\x03\x93\x91\x7f¶\x12§\x81\x81QÏ\x93ý»\x92þ\x17Q¯\x8e')
ERROR 2025-04-30 15:07:29,172 basehttp 29491 139654611330752 You're accessing the development server over HTTPS, but it only supports HTTP.
INFO 2025-04-30 15:07:38,703 basehttp 29491 139654611330752 code 400, message Bad request version ('li~\x86`É\x96=.¡¦\x05¤\x9b\x1bÜ)C%x{\x9cÅÅé\x845Ä@VÇ\x9fGÐnXä\x06%f')
ERROR 2025-04-30 15:07:38,703 basehttp 29491 139654611330752 You're accessing the development server over HTTPS, but it only supports HTTP.
INFO 2025-04-30 15:07:38,704 basehttp 29491 139654611330752 code 400, message Bad request version ('\x00\x12\x00\x10\x04\x03\x08\x04\x04\x01\x05\x03\x08\x05\x05\x01\x08\x06\x06\x01\x00\x05\x00\x05\x01\x00\x00\x00\x00ÿ\x01\x00\x01\x00\x00')
ERROR 2025-04-30 15:07:38,704 basehttp 29491 139654611330752 You're accessing the development server over HTTPS, but it only supports HTTP.
INFO 2025-04-30 15:08:12,213 autoreload 30237 140402664318464 Watching for file changes with StatReloader
INFO 2025-04-30 15:08:18,793 basehttp 30237 140402579379904 code 400, message Bad request version ('\x7f\x8a\x86ç\x90ÐÆÛÅ7<´6')
ERROR 2025-04-30 15:08:18,793 basehttp 30237 140402579379904 You're accessing the development server over HTTPS, but it only supports HTTP.
INFO 2025-04-30 15:08:18,794 basehttp 30237 140402579379904 code 400, message Bad request version ('\x9fÄ^ÿÓ\x13\x9az¶Ã@\x8e\x97cCÛõ\x81À""-cEÈA¹\x8a')
ERROR 2025-04-30 15:08:18,794 basehttp 30237 140402579379904 You're accessing the development server over HTTPS, but it only supports HTTP.
INFO 2025-04-30 15:08:31,103 basehttp 30237 140402579379904 code 400, message Bad request version ('\x00Y:ÝPS7Úºe\x05`\x0f')
ERROR 2025-04-30 15:08:31,103 basehttp 30237 140402579379904 You're accessing the development server over HTTPS, but it only supports HTTP.
INFO 2025-04-30 15:08:31,104 basehttp 30237 140402579379904 code 400, message Bad request version ('\x00\x12\x00\x10\x04\x03\x08\x04\x04\x01\x05\x03\x08\x05\x05\x01\x08\x06\x06\x01\x00')
ERROR 2025-04-30 15:08:31,104 basehttp 30237 140402579379904 You're accessing the development server over HTTPS, but it only supports HTTP.
INFO 2025-04-30 15:08:44,821 autoreload 30237 140402664318464 /home/an/ICNLAB /backend /phong_kham_da_khoa/phong_kham_da_khoa/settings.py changed, reloading.
INFO 2025-04-30 15:08:45,072 autoreload 30563 133370387904000 Watching for file changes with StatReloader
INFO 2025-04-30 15:09:03,114 basehttp 30563 133370302338752 code 400, message Bad HTTP/0.9 request type ('\x16\x03\x01\x06À\x01\x00\x06¼\x03\x03Ú9H.\x88s4\x01æc´U\x97P6ûëw®·Ý\x0e¤õ´ñ\x00«æ¦±¦')
ERROR 2025-04-30 15:09:03,114 basehttp 30563 133370302338752 You're accessing the development server over HTTPS, but it only supports HTTP.
INFO 2025-04-30 15:09:03,115 basehttp 30563 133370302338752 code 400, message Bad request syntax ('\x16\x03\x01\x06À\x01\x00\x06¼\x03\x03RÅûXk¤\x90®\x8e\x86$JFÎ8ø\x1bÌ\x14ì¥zp54Ô')
ERROR 2025-04-30 15:09:03,115 basehttp 30563 133370302338752 You're accessing the development server over HTTPS, but it only supports HTTP.
INFO 2025-04-30 15:09:27,492 autoreload 30958 139287537874432 Watching for file changes with StatReloader
WARNING 2025-04-30 15:09:41,840 base 30958 139287400019648 Session data corrupted
WARNING 2025-04-30 15:09:41,849 log 30958 139287400019648 Unauthorized: /api/prescriptions/
WARNING 2025-04-30 15:09:41,849 basehttp 30958 139287400019648 "GET /api/prescriptions/ HTTP/1.1" 401 10079
INFO 2025-04-30 15:09:41,881 basehttp 30958 139287391626944 "GET /static/rest_framework/css/bootstrap-tweaks.css HTTP/1.1" 200 3426
INFO 2025-04-30 15:09:41,882 basehttp 30958 139287374841536 "GET /static/rest_framework/js/ajax-form.js HTTP/1.1" 200 3796
INFO 2025-04-30 15:09:41,884 basehttp 30958 139287374841536 "GET /static/rest_framework/css/default.css HTTP/1.1" 200 1152
INFO 2025-04-30 15:09:41,884 basehttp 30958 139287391626944 "GET /static/rest_framework/css/prettify.css HTTP/1.1" 200 817
INFO 2025-04-30 15:09:41,884 basehttp 30958 139287366448832 "GET /static/rest_framework/js/csrf.js HTTP/1.1" 200 1793
INFO 2025-04-30 15:09:41,884 basehttp 30958 139287358056128 "GET /static/rest_framework/js/bootstrap.min.js HTTP/1.1" 200 39680
INFO 2025-04-30 15:09:41,885 basehttp 30958 139287400019648 "GET /static/rest_framework/css/bootstrap.min.css HTTP/1.1" 200 121457
INFO 2025-04-30 15:09:41,886 basehttp 30958 139287383234240 "GET /static/rest_framework/js/jquery-3.7.1.min.js HTTP/1.1" 200 87533
INFO 2025-04-30 15:09:41,888 basehttp 30958 139287366448832 "GET /static/rest_framework/js/prettify-min.js HTTP/1.1" 200 13632
INFO 2025-04-30 15:09:41,889 basehttp 30958 139287358056128 "GET /static/rest_framework/js/load-ajax-form.js HTTP/1.1" 200 59
INFO 2025-04-30 15:09:41,889 basehttp 30958 139287383234240 "GET /static/rest_framework/js/default.js HTTP/1.1" 200 1268
INFO 2025-04-30 15:09:41,935 basehttp 30958 139287383234240 "GET /static/rest_framework/img/grid.png HTTP/1.1" 200 1458
WARNING 2025-04-30 15:09:42,032 log 30958 139287383234240 Not Found: /favicon.ico
WARNING 2025-04-30 15:09:42,033 basehttp 30958 139287383234240 "GET /favicon.ico HTTP/1.1" 404 2756
INFO 2025-04-30 15:09:50,155 basehttp 30958 139287348614848 code 400, message Bad request version ('ºº\x13\x01\x13\x02\x13\x03À+À/À,À0Ì©Ì¨À\x13À\x14\x00\x9c\x00\x9d\x00/\x005\x01\x00\x06\x93')
ERROR 2025-04-30 15:09:50,155 basehttp 30958 139287348614848 You're accessing the development server over HTTPS, but it only supports HTTP.
INFO 2025-04-30 15:09:50,156 basehttp 30958 139287348614848 code 400, message Bad request version ('«é^\x12\x10\x8fçJíL¼\x16l\x88Å\x12eß\x99')
ERROR 2025-04-30 15:09:50,156 basehttp 30958 139287348614848 You're accessing the development server over HTTPS, but it only supports HTTP.
INFO 2025-04-30 15:10:33,455 autoreload 30958 139287537874432 /home/an/ICNLAB /backend /phong_kham_da_khoa/phong_kham_da_khoa/urls.py changed, reloading.
INFO 2025-04-30 15:10:33,703 autoreload 31517 129036732974592 Watching for file changes with StatReloader
INFO 2025-04-30 15:10:41,009 autoreload 31517 129036732974592 /home/an/ICNLAB /backend /phong_kham_da_khoa/phong_kham_da_khoa/settings.py changed, reloading.
INFO 2025-04-30 15:10:41,243 autoreload 31640 129295914128896 Watching for file changes with StatReloader
INFO 2025-04-30 15:10:53,097 autoreload 31726 139573746763264 Watching for file changes with StatReloader
INFO 2025-04-30 15:10:58,119 basehttp 31726 139573593102016 code 400, message Bad request version ('\x9d7¶Ï')
ERROR 2025-04-30 15:10:58,119 basehttp 31726 139573593102016 You're accessing the development server over HTTPS, but it only supports HTTP.
INFO 2025-04-30 15:10:58,120 basehttp 31726 139573593102016 code 400, message Bad request version ('zz\x13\x01\x13\x02\x13\x03À+À/À,À0Ì©Ì¨À\x13À\x14\x00\x9c\x00\x9d\x00/\x005\x01\x00\x06S**\x00\x00\x00')
ERROR 2025-04-30 15:10:58,120 basehttp 31726 139573593102016 You're accessing the development server over HTTPS, but it only supports HTTP.
INFO 2025-04-30 15:11:05,370 basehttp 31726 139573593102016 code 400, message Bad request version ('\x00\x12\x00\x10\x04\x03\x08\x04\x04\x01\x05\x03\x08\x05\x05\x01\x08\x06\x06\x01\x00\x17\x00\x00\x00\x12\x00\x00\x00-\x00\x02\x01\x01\x00\x1b\x00\x03\x02\x00\x02\x00+\x00\x07\x06::\x03\x04\x03\x03\x00')
ERROR 2025-04-30 15:11:05,370 basehttp 31726 139573593102016 You're accessing the development server over HTTPS, but it only supports HTTP.
INFO 2025-04-30 15:11:05,372 basehttp 31726 139573593102016 code 400, message Bad request version ('ùKqÖ¢?Sxªu')
ERROR 2025-04-30 15:11:05,372 basehttp 31726 139573593102016 You're accessing the development server over HTTPS, but it only supports HTTP.
INFO 2025-04-30 15:11:46,878 autoreload 31726 139573746763264 /home/an/ICNLAB /backend /phong_kham_da_khoa/phong_kham_da_khoa/settings.py changed, reloading.
INFO 2025-04-30 15:11:47,121 autoreload 32231 132069932725760 Watching for file changes with StatReloader
INFO 2025-04-30 15:11:59,501 autoreload 32231 132069932725760 /home/an/ICNLAB /backend /phong_kham_da_khoa/phong_kham_da_khoa/urls.py changed, reloading.
INFO 2025-04-30 15:11:59,754 autoreload 32388 138542274246144 Watching for file changes with StatReloader
INFO 2025-04-30 15:12:18,066 autoreload 32623 139617692354048 Watching for file changes with StatReloader
WARNING 2025-04-30 15:12:23,947 base 32623 139617623783104 Session data corrupted
INFO 2025-04-30 15:12:23,952 basehttp 32623 139617623783104 "GET /swagger/ HTTP/1.1" 200 1663
INFO 2025-04-30 15:12:23,978 basehttp 32623 139617589163712 "GET /static/drf-yasg/swagger-ui-init.js HTTP/1.1" 200 15480
INFO 2025-04-30 15:12:23,980 basehttp 32623 139617240086208 "GET /static/drf-yasg/style.css HTTP/1.1" 200 1047
INFO 2025-04-30 15:12:23,980 basehttp 32623 139617597556416 "GET /static/drf-yasg/immutable.min.js HTTP/1.1" 200 56904
INFO 2025-04-30 15:12:23,981 basehttp 32623 139617589163712 "GET /static/drf-yasg/insQ.min.js HTTP/1.1" 200 2093
INFO 2025-04-30 15:12:23,982 basehttp 32623 139617623783104 "GET /static/drf-yasg/swagger-ui-dist/swagger-ui.css HTTP/1.1" 200 145206
INFO 2025-04-30 15:12:23,982 basehttp 32623 139617605949120 "GET /static/drf-yasg/swagger-ui-dist/swagger-ui-standalone-preset.js HTTP/1.1" 200 322863
INFO 2025-04-30 15:12:23,983 basehttp 32623 139617615390400 "GET /static/drf-yasg/swagger-ui-dist/swagger-ui-bundle.js HTTP/1.1" 200 1046583
WARNING 2025-04-30 15:12:24,116 base 32623 139617589163712 Session data corrupted
INFO 2025-04-30 15:12:24,138 basehttp 32623 139617615390400 "GET /static/drf-yasg/swagger-ui-dist/favicon-32x32.png HTTP/1.1" 200 628
INFO 2025-04-30 15:12:24,138 basehttp 32623 139617589163712 "GET /swagger/?format=openapi HTTP/1.1" 200 11914
